
=== Thu Nov 16 17:27:53 2023

Packages were changed.
Update Mode: updateDependencies

The following packages were updated:
  com.unity.ext.nunit from version 1.0.0 to 1.0.6
  com.unity.inputsystem from version 1.3.0 to 1.6.3
  com.unity.test-framework from version 1.1.14 to 1.1.33
  com.unity.textmeshpro from version 2.0.1 to 3.0.6
  com.unity.xr.management from version 3.2.16 to 4.3.3
  com.unity.xr.oculus from version 1.3.4 to 4.0.0

=== Thu Nov 16 17:27:53 2023

Packages were changed.
Update Mode: mergeDefaultDependencies

The following packages were added:
  com.unity.ext.nunit@1.0.6
  com.unity.inputsystem@1.6.3
  com.unity.xr.management@4.3.3

=== Thu Nov 16 17:56:28 2023

Packages were changed.
Update Mode: updateDependencies

The following packages were updated:
  com.unity.ext.nunit from version 1.0.0 to 1.0.6
  com.unity.inputsystem from version 1.3.0 to 1.6.3
  com.unity.test-framework from version 1.1.14 to 1.1.33
  com.unity.textmeshpro from version 2.0.1 to 3.0.6
  com.unity.xr.management from version 3.2.16 to 4.3.3
  com.unity.xr.oculus from version 1.3.4 to 4.0.0
